2024-06-09 18:20:16,978 - INFO - utils.config_setter - Starting the load_config...
2024-06-09 18:20:16,982 - INFO - utils.config_setter - Using file ../config/Vortex/rand_complexity_resume.json to setup configuration
2024-06-09 18:20:16,983 - INFO - utils.config_setter - The current run configuration is as follows: 
 {
    "json_load": true,
    "json_file": "../config/Vortex/rand_complexity_resume.json",
    "_comment": "This json file provides parameter configurations.",
    "no_cuda": false,
    "data_parallel": false,
    "seed": 1,
    "root_dir_train": "../data/vortex_volume_images/7/train/",
    "root_dir_test": "../data/vortex_volume_images/7/test/",
    "param_file_train": "vortex_viewparams_train.csv",
    "param_file_test": "vortex_viewparams_test.csv",
    "root_out_dir": "../outputs/Vortex/",
    "resume": 1,
    "chkpt": "../outputs/Vortex/base200ep/model/chk_99.pth.tar",
    "dvp": 3,
    "dvpe": 512,
    "ch": 64,
    "sn": 0,
    "use_mse_loss": 1,
    "use_vgg_loss": 1,
    "use_gan_loss": 0,
    "gan_loss_weight": 0.01,
    "vgg_loss_weight": 1.0,
    "mse_loss_weight": 1.0,
    "lr": 0.01,
    "d_lr": 0.0001,
    "beta1": 0.9,
    "beta2": 0.999,
    "batch_size": 16,
    "start_epoch": 100,
    "epochs": 1500,
    "log_every": 1,
    "check_every": 50,
    "no_active_learning": false,
    "data_gen_script": "./gen_img_vortex.py",
    "raw_inp_file": "../data/vortex_raw/vortex_15.vti",
    "varname": "ImageScalars",
    "num_new_samples": 100,
    "query_strategy": "rand_complexity",
    "sampling_budget": 8000
}
2024-06-09 18:20:16,984 - INFO - utils.config_setter - The changes from ../config/Vortex/rand_complexity_resume.json configuration after CLI  are as follows: 
 []
2024-06-09 18:20:16,984 - INFO - utils.config_setter - Exiting the load_config.
