2024-04-13 17:24:32,485 - INFO - utils.config_setter - Starting the load_config...
2024-04-13 17:24:32,488 - INFO - utils.config_setter - Using file ../config/mse.json to setup configuration
2024-04-13 17:24:32,489 - INFO - utils.config_setter - The current run configuration is as follows: 
 {
    "json_load": true,
    "json_file": "../config/mse.json",
    "_comment": "This json file provides parameter configurations.",
    "no_cuda": false,
    "data_parallel": true,
    "seed": 1,
    "root_dir_train": "../data/Isabel_pressure_volume_images/train/",
    "root_dir_test": "../data/Isabel_pressure_volume_images/test/",
    "param_file_train": "isabel_pr_viewparams_train.csv",
    "param_file_test": "isabel_pr_viewparams_test.csv",
    "root_out_dir": "../outputs/Isabel_mse_active_random/",
    "resume": 0,
    "chkpt": "../data/chk_99.pth.tar",
    "dvp": 3,
    "dvpe": 512,
    "ch": 64,
    "sn": 0,
    "use_mse_loss": 1,
    "use_vgg_loss": 1,
    "use_gan_loss": 0,
    "gan_loss_weight": 1.0,
    "vgg_loss_weight": 1.0,
    "mse_loss_weight": 1.0,
    "lr": 0.001,
    "d_lr": 0.001,
    "beta1": 0.9,
    "beta2": 0.999,
    "batch_size": 180,
    "start_epoch": 100,
    "epochs": 106,
    "log_every": 2,
    "check_every": 50,
    "no_active_learning": false,
    "data_gen_script": "./gen_img.py",
    "raw_inp_file": "../data/Isabel_pressure_raw/Pf25.binLE.raw_corrected_2_subsampled.vti",
    "varname": "ImageScalars",
    "num_new_samples": 2,
    "query_strategy": "MSELoss",
    "sampling_budget": 530
}
2024-04-13 17:24:32,489 - INFO - utils.config_setter - The changes from ../config/mse.json configuration after CLI  are as follows: 
 ['--data_parallel', '--batch_size', '180']
2024-04-13 17:24:32,489 - INFO - utils.config_setter - Exiting the load_config.
2024-04-13 17:25:35,878 - INFO - utils.config_setter - Starting the load_config...
2024-04-13 17:25:35,881 - INFO - utils.config_setter - Using file ../config/mse.json to setup configuration
2024-04-13 17:25:35,882 - INFO - utils.config_setter - The current run configuration is as follows: 
 {
    "json_load": true,
    "json_file": "../config/mse.json",
    "_comment": "This json file provides parameter configurations.",
    "no_cuda": false,
    "data_parallel": true,
    "seed": 1,
    "root_dir_train": "../data/Isabel_pressure_volume_images/train/",
    "root_dir_test": "../data/Isabel_pressure_volume_images/test/",
    "param_file_train": "isabel_pr_viewparams_train.csv",
    "param_file_test": "isabel_pr_viewparams_test.csv",
    "root_out_dir": "../outputs/Isabel_mse_active_random/",
    "resume": 0,
    "chkpt": "../data/chk_99.pth.tar",
    "dvp": 3,
    "dvpe": 512,
    "ch": 64,
    "sn": 0,
    "use_mse_loss": 1,
    "use_vgg_loss": 1,
    "use_gan_loss": 0,
    "gan_loss_weight": 1.0,
    "vgg_loss_weight": 1.0,
    "mse_loss_weight": 1.0,
    "lr": 0.001,
    "d_lr": 0.001,
    "beta1": 0.9,
    "beta2": 0.999,
    "batch_size": 170,
    "start_epoch": 100,
    "epochs": 106,
    "log_every": 2,
    "check_every": 50,
    "no_active_learning": false,
    "data_gen_script": "./gen_img.py",
    "raw_inp_file": "../data/Isabel_pressure_raw/Pf25.binLE.raw_corrected_2_subsampled.vti",
    "varname": "ImageScalars",
    "num_new_samples": 2,
    "query_strategy": "MSELoss",
    "sampling_budget": 530
}
2024-04-13 17:25:35,882 - INFO - utils.config_setter - The changes from ../config/mse.json configuration after CLI  are as follows: 
 ['--data_parallel', '--batch_size', '170']
2024-04-13 17:25:35,882 - INFO - utils.config_setter - Exiting the load_config.
2024-04-13 17:26:55,960 - INFO - utils.config_setter - Starting the load_config...
2024-04-13 17:26:55,964 - INFO - utils.config_setter - Using file ../config/mse.json to setup configuration
2024-04-13 17:26:55,964 - INFO - utils.config_setter - The current run configuration is as follows: 
 {
    "json_load": true,
    "json_file": "../config/mse.json",
    "_comment": "This json file provides parameter configurations.",
    "no_cuda": false,
    "data_parallel": true,
    "seed": 1,
    "root_dir_train": "../data/Isabel_pressure_volume_images/train/",
    "root_dir_test": "../data/Isabel_pressure_volume_images/test/",
    "param_file_train": "isabel_pr_viewparams_train.csv",
    "param_file_test": "isabel_pr_viewparams_test.csv",
    "root_out_dir": "../outputs/Isabel_mse_active_random/",
    "resume": 0,
    "chkpt": "../data/chk_99.pth.tar",
    "dvp": 3,
    "dvpe": 512,
    "ch": 64,
    "sn": 0,
    "use_mse_loss": 1,
    "use_vgg_loss": 1,
    "use_gan_loss": 0,
    "gan_loss_weight": 1.0,
    "vgg_loss_weight": 1.0,
    "mse_loss_weight": 1.0,
    "lr": 0.001,
    "d_lr": 0.001,
    "beta1": 0.9,
    "beta2": 0.999,
    "batch_size": 160,
    "start_epoch": 100,
    "epochs": 106,
    "log_every": 2,
    "check_every": 50,
    "no_active_learning": false,
    "data_gen_script": "./gen_img.py",
    "raw_inp_file": "../data/Isabel_pressure_raw/Pf25.binLE.raw_corrected_2_subsampled.vti",
    "varname": "ImageScalars",
    "num_new_samples": 2,
    "query_strategy": "MSELoss",
    "sampling_budget": 530
}
2024-04-13 17:26:55,965 - INFO - utils.config_setter - The changes from ../config/mse.json configuration after CLI  are as follows: 
 ['--data_parallel', '--batch_size', '160']
2024-04-13 17:26:55,965 - INFO - utils.config_setter - Exiting the load_config.
2024-04-13 17:28:44,477 - INFO - utils.config_setter - Starting the load_config...
2024-04-13 17:28:44,480 - INFO - utils.config_setter - Using file ../config/mse.json to setup configuration
2024-04-13 17:28:44,480 - INFO - utils.config_setter - The current run configuration is as follows: 
 {
    "json_load": true,
    "json_file": "../config/mse.json",
    "_comment": "This json file provides parameter configurations.",
    "no_cuda": false,
    "data_parallel": true,
    "seed": 1,
    "root_dir_train": "../data/Isabel_pressure_volume_images/train/",
    "root_dir_test": "../data/Isabel_pressure_volume_images/test/",
    "param_file_train": "isabel_pr_viewparams_train.csv",
    "param_file_test": "isabel_pr_viewparams_test.csv",
    "root_out_dir": "../outputs/Isabel_mse_active_random/",
    "resume": 0,
    "chkpt": "../data/chk_99.pth.tar",
    "dvp": 3,
    "dvpe": 512,
    "ch": 64,
    "sn": 0,
    "use_mse_loss": 1,
    "use_vgg_loss": 1,
    "use_gan_loss": 0,
    "gan_loss_weight": 1.0,
    "vgg_loss_weight": 1.0,
    "mse_loss_weight": 1.0,
    "lr": 0.001,
    "d_lr": 0.001,
    "beta1": 0.9,
    "beta2": 0.999,
    "batch_size": 140,
    "start_epoch": 100,
    "epochs": 106,
    "log_every": 2,
    "check_every": 50,
    "no_active_learning": false,
    "data_gen_script": "./gen_img.py",
    "raw_inp_file": "../data/Isabel_pressure_raw/Pf25.binLE.raw_corrected_2_subsampled.vti",
    "varname": "ImageScalars",
    "num_new_samples": 2,
    "query_strategy": "MSELoss",
    "sampling_budget": 530
}
2024-04-13 17:28:44,481 - INFO - utils.config_setter - The changes from ../config/mse.json configuration after CLI  are as follows: 
 ['--data_parallel', '--batch_size', '140']
2024-04-13 17:28:44,481 - INFO - utils.config_setter - Exiting the load_config.
