2024-04-13 17:24:32,485 - INFO - __main__ - Starting the application...
2024-04-13 17:24:33,548 - INFO - __main__ - Train dataset created.
2024-04-13 17:24:33,554 - INFO - __main__ - Test dataset created.
2024-04-13 17:24:33,555 - INFO - __main__ - Train & Test dataloader created.
2024-04-13 17:24:41,152 - INFO - __main__ - Generator initialised.
2024-04-13 17:24:43,894 - INFO - __main__ - VGG model initialised.
2024-04-13 17:24:43,895 - INFO - __main__ - MSE loss initialised.
2024-04-13 17:24:43,895 - INFO - __main__ - Optimizer for Generator model initialised.
2024-04-13 17:24:43,899 - INFO - __main__ - Entered training loop at epoch : 100.
2024-04-13 17:25:35,877 - INFO - __main__ - Starting the application...
2024-04-13 17:25:39,006 - INFO - __main__ - Train dataset created.
2024-04-13 17:25:39,012 - INFO - __main__ - Test dataset created.
2024-04-13 17:25:39,013 - INFO - __main__ - Train & Test dataloader created.
2024-04-13 17:25:45,845 - INFO - __main__ - Generator initialised.
2024-04-13 17:25:48,696 - INFO - __main__ - VGG model initialised.
2024-04-13 17:25:48,697 - INFO - __main__ - MSE loss initialised.
2024-04-13 17:25:48,698 - INFO - __main__ - Optimizer for Generator model initialised.
2024-04-13 17:25:48,707 - INFO - __main__ - Entered training loop at epoch : 100.
2024-04-13 17:26:14,245 - INFO - __main__ - Exiting the application...
2024-04-13 17:26:14,246 - INFO - __main__ - Entered training loop at epoch : 101.
2024-04-13 17:26:55,960 - INFO - __main__ - Starting the application...
2024-04-13 17:26:57,044 - INFO - __main__ - Train dataset created.
2024-04-13 17:26:57,049 - INFO - __main__ - Test dataset created.
2024-04-13 17:26:57,049 - INFO - __main__ - Train & Test dataloader created.
2024-04-13 17:27:01,771 - INFO - __main__ - Generator initialised.
2024-04-13 17:27:04,656 - INFO - __main__ - VGG model initialised.
2024-04-13 17:27:04,657 - INFO - __main__ - MSE loss initialised.
2024-04-13 17:27:04,657 - INFO - __main__ - Optimizer for Generator model initialised.
2024-04-13 17:27:04,662 - INFO - __main__ - Entered training loop at epoch : 100.
2024-04-13 17:27:28,090 - INFO - __main__ - Exiting the application...
2024-04-13 17:27:28,091 - INFO - __main__ - Entered training loop at epoch : 101.
2024-04-13 17:27:43,002 - INFO - __main__ - Exiting the application...
2024-04-13 17:27:43,003 - INFO - __main__ - Entered training loop at epoch : 102.
2024-04-13 17:27:57,762 - INFO - __main__ - Exiting the application...
2024-04-13 17:27:57,763 - INFO - __main__ - Entered training loop at epoch : 103.
2024-04-13 17:28:44,476 - INFO - __main__ - Starting the application...
2024-04-13 17:28:45,560 - INFO - __main__ - Train dataset created.
2024-04-13 17:28:45,567 - INFO - __main__ - Test dataset created.
2024-04-13 17:28:45,567 - INFO - __main__ - Train & Test dataloader created.
2024-04-13 17:28:55,626 - INFO - __main__ - Generator initialised.
2024-04-13 17:28:58,504 - INFO - __main__ - VGG model initialised.
2024-04-13 17:28:58,504 - INFO - __main__ - MSE loss initialised.
2024-04-13 17:28:58,505 - INFO - __main__ - Optimizer for Generator model initialised.
2024-04-13 17:28:58,509 - INFO - __main__ - Entered training loop at epoch : 100.
2024-04-13 17:29:23,167 - INFO - __main__ - Exiting the application...
2024-04-13 17:29:23,168 - INFO - __main__ - Entered training loop at epoch : 101.
2024-04-13 17:29:37,971 - INFO - __main__ - Exiting the application...
2024-04-13 17:29:37,972 - INFO - __main__ - Entered training loop at epoch : 102.
2024-04-13 17:29:52,703 - INFO - __main__ - Exiting the application...
2024-04-13 17:29:52,704 - INFO - __main__ - Entered training loop at epoch : 103.
2024-04-13 17:30:07,418 - INFO - __main__ - Exiting the application...
2024-04-13 17:30:07,419 - INFO - __main__ - Entered training loop at epoch : 104.
2024-04-13 17:30:22,270 - INFO - __main__ - Exiting the application...
2024-04-13 17:30:22,271 - INFO - __main__ - Entered training loop at epoch : 105.
2024-04-13 17:30:27,033 - INFO - __main__ - Exiting the application...
