2024-04-13 17:26:01,258 - INFO - run_logger - Epoch: 100
2024-04-13 17:26:02,664 - INFO - run_logger - Selected uncertain samples: [179 164]
2024-04-13 17:26:02,665 - INFO - run_logger - Selected uncertain viewparams: [[83.59291613101959, 159.0312305666435], [88.52682888507843, -173.55965665773073]]
2024-04-13 17:26:02,666 - INFO - run_logger - Selected len of uncertain samples: 2
2024-04-13 17:26:02,666 - INFO - run_logger - Selected len of uncertain viewparams: 2
2024-04-13 17:26:02,666 - INFO - run_logger - Generating image for phi: 82.76313617804533, theta: 161.23447550106508
2024-04-13 17:26:07,829 - INFO - run_logger - Generating image for phi: 83.52797263325188, theta: -175.53633093141232
2024-04-13 17:26:12,393 - INFO - run_logger - Train dataset length: 514
2024-04-13 17:27:15,890 - INFO - run_logger - Epoch: 100
2024-04-13 17:27:17,196 - INFO - run_logger - Selected uncertain samples: [231 147]
2024-04-13 17:27:17,198 - INFO - run_logger - Selected uncertain viewparams: [[83.52797448635101, -175.5363310425665], [88.52682888507843, -173.55965665773073]]
2024-04-13 17:27:17,199 - INFO - run_logger - Selected len of uncertain samples: 2
2024-04-13 17:27:17,199 - INFO - run_logger - Selected len of uncertain viewparams: 2
2024-04-13 17:27:17,199 - INFO - run_logger - Generating image for phi: 82.69819453337675, theta: -173.33308610814493
2024-04-13 17:27:21,763 - INFO - run_logger - Generating image for phi: 83.52797263325188, theta: -175.53633093141232
2024-04-13 17:27:26,294 - INFO - run_logger - Train dataset length: 516
2024-04-13 17:27:31,373 - INFO - run_logger - Epoch: 101
2024-04-13 17:27:32,640 - INFO - run_logger - Selected uncertain samples: [226 502]
2024-04-13 17:27:32,640 - INFO - run_logger - Selected uncertain viewparams: [[83.52797448635101, -175.5363310425665], [88.52682888507843, -173.55965665773073]]
2024-04-13 17:27:32,641 - INFO - run_logger - Selected len of uncertain samples: 2
2024-04-13 17:27:32,641 - INFO - run_logger - Selected len of uncertain viewparams: 2
2024-04-13 17:27:32,641 - INFO - run_logger - Generating image for phi: 79.99553339452214, theta: -179.6129450948785
2024-04-13 17:27:37,116 - INFO - run_logger - Generating image for phi: 85.38943099885513, theta: -175.10404938730025
2024-04-13 17:27:41,639 - INFO - run_logger - Train dataset length: 518
2024-04-13 17:27:46,034 - INFO - run_logger - Epoch: 102
2024-04-13 17:27:47,325 - INFO - run_logger - Selected uncertain samples: [481  25]
2024-04-13 17:27:47,326 - INFO - run_logger - Selected uncertain viewparams: [[11.736574172973633, -2.112771534656938], [13.283261954784393, 4.721344221710195]]
2024-04-13 17:27:47,326 - INFO - run_logger - Selected len of uncertain samples: 2
2024-04-13 17:27:47,326 - INFO - run_logger - Selected len of uncertain viewparams: 2
2024-04-13 17:27:47,326 - INFO - run_logger - Generating image for phi: 10.704248915280331, theta: -1.7246041946233683
2024-04-13 17:27:51,845 - INFO - run_logger - Generating image for phi: 12.475207098817341, theta: 6.5735392256777905
2024-04-13 17:27:56,432 - INFO - run_logger - Train dataset length: 520
2024-04-13 17:29:11,108 - INFO - run_logger - Epoch: 100
2024-04-13 17:29:12,416 - INFO - run_logger - Selected uncertain samples: [208 184]
2024-04-13 17:29:12,418 - INFO - run_logger - Selected uncertain viewparams: [[88.52682888507843, -173.55965665773073], [85.38943290710449, -175.1040493050684]]
2024-04-13 17:29:12,418 - INFO - run_logger - Selected len of uncertain samples: 2
2024-04-13 17:29:12,418 - INFO - run_logger - Selected len of uncertain viewparams: 2
2024-04-13 17:29:12,418 - INFO - run_logger - Generating image for phi: 87.69704893210417, theta: -171.35641172330915
2024-04-13 17:29:16,931 - INFO - run_logger - Generating image for phi: 80.39057665527794, theta: -177.08072357875
2024-04-13 17:29:21,416 - INFO - run_logger - Train dataset length: 522
2024-04-13 17:29:26,340 - INFO - run_logger - Epoch: 101
2024-04-13 17:29:27,579 - INFO - run_logger - Selected uncertain samples: [490 445]
2024-04-13 17:29:27,579 - INFO - run_logger - Selected uncertain viewparams: [[88.52682888507843, -173.55965665773073], [85.38943290710449, -175.1040493050684]]
2024-04-13 17:29:27,580 - INFO - run_logger - Selected len of uncertain samples: 2
2024-04-13 17:29:27,580 - INFO - run_logger - Selected len of uncertain viewparams: 2
2024-04-13 17:29:27,580 - INFO - run_logger - Generating image for phi: 84.99438779324956, theta: -177.63627071004274
2024-04-13 17:29:32,094 - INFO - run_logger - Generating image for phi: 82.2520350208812, theta: -176.64844203463792
2024-04-13 17:29:36,695 - INFO - run_logger - Train dataset length: 524
2024-04-13 17:29:40,995 - INFO - run_logger - Epoch: 102
2024-04-13 17:29:42,236 - INFO - run_logger - Selected uncertain samples: [ 74 377]
2024-04-13 17:29:42,237 - INFO - run_logger - Selected uncertain viewparams: [[13.283261954784393, 4.721344221710195], [12.475207597017288, 6.573539361406541]]
2024-04-13 17:29:42,237 - INFO - run_logger - Selected len of uncertain samples: 2
2024-04-13 17:29:42,237 - INFO - run_logger - Selected len of uncertain viewparams: 2
2024-04-13 17:29:42,238 - INFO - run_logger - Generating image for phi: 12.250936697091092, theta: 5.109511561743765
2024-04-13 17:29:46,755 - INFO - run_logger - Generating image for phi: 11.667152741050236, theta: 8.425734365374137
2024-04-13 17:29:51,349 - INFO - run_logger - Train dataset length: 526
2024-04-13 17:29:55,758 - INFO - run_logger - Epoch: 103
2024-04-13 17:29:57,016 - INFO - run_logger - Selected uncertain samples: [ 47 174]
2024-04-13 17:29:57,016 - INFO - run_logger - Selected uncertain viewparams: [[5.235149636864662, 5.819843179081398], [11.667153239250183, 8.42573471874139]]
2024-04-13 17:29:57,016 - INFO - run_logger - Selected len of uncertain samples: 2
2024-04-13 17:29:57,017 - INFO - run_logger - Selected len of uncertain viewparams: 2
2024-04-13 17:29:57,017 - INFO - run_logger - Generating image for phi: 2.2796721341798367, theta: 9.601017542990853
2024-04-13 17:30:01,563 - INFO - run_logger - Generating image for phi: 6.941029171229445, theta: 10.130409820525411
2024-04-13 17:30:06,084 - INFO - run_logger - Train dataset length: 528
2024-04-13 17:30:10,440 - INFO - run_logger - Epoch: 104
2024-04-13 17:30:11,737 - INFO - run_logger - Selected uncertain samples: [453 144]
2024-04-13 17:30:11,738 - INFO - run_logger - Selected uncertain viewparams: [[10.704248920083046, -1.7246042427027095], [5.235149636864662, 5.819843179081398]]
2024-04-13 17:30:11,739 - INFO - run_logger - Selected len of uncertain samples: 2
2024-04-13 17:30:11,739 - INFO - run_logger - Selected len of uncertain viewparams: 2
2024-04-13 17:30:11,739 - INFO - run_logger - Generating image for phi: 9.877296943754317, theta: -1.1377059582451927
2024-04-13 17:30:16,255 - INFO - run_logger - Generating image for phi: 1.639019022817, theta: 2.800858069930186
2024-04-13 17:30:20,870 - INFO - run_logger - Train dataset length: 530
2024-04-13 17:30:25,598 - INFO - run_logger - Epoch: 105
