2024-06-09 12:01:37,668 - INFO - utils.config_setter - Starting the load_config...
2024-06-09 12:01:37,672 - INFO - utils.config_setter - Using file ../config/Mixfrac/vgg_resume.json to setup configuration
2024-06-09 12:01:37,673 - INFO - utils.config_setter - The current run configuration is as follows: 
 {
    "json_load": true,
    "json_file": "../config/Mixfrac/vgg_resume.json",
    "_comment": "This json file provides parameter configurations.",
    "no_cuda": false,
    "data_parallel": false,
    "seed": 1,
    "root_dir_train": "../data/mixfrac_volume_images/4/train/",
    "root_dir_test": "../data/mixfrac_volume_images/4/test/",
    "param_file_train": "mixfrac_viewparams_train.csv",
    "param_file_test": "mixfrac_viewparams_test.csv",
    "root_out_dir": "../outputs/Mixfrac/",
    "resume": 1,
    "chkpt": "../outputs/Mixfrac/base200ep/model/chk_99.pth.tar",
    "dvp": 3,
    "dvpe": 512,
    "ch": 64,
    "sn": 0,
    "use_mse_loss": 1,
    "use_vgg_loss": 1,
    "use_gan_loss": 0,
    "gan_loss_weight": 0.01,
    "vgg_loss_weight": 1.0,
    "mse_loss_weight": 1.0,
    "lr": 0.01,
    "d_lr": 0.01,
    "beta1": 0.9,
    "beta2": 0.999,
    "batch_size": 16,
    "start_epoch": 100,
    "epochs": 1500,
    "log_every": 1,
    "check_every": 50,
    "no_active_learning": false,
    "data_gen_script": "./gen_img_mixfrac.py",
    "raw_inp_file": "../data/mixfrac_raw/jet_mixfrac_0041.dat_2_subsampled.vti",
    "varname": "ImageScalars",
    "num_new_samples": 100,
    "query_strategy": "VGG",
    "sampling_budget": 8000
}
2024-06-09 12:01:37,673 - INFO - utils.config_setter - The changes from ../config/Mixfrac/vgg_resume.json configuration after CLI  are as follows: 
 []
2024-06-09 12:01:37,674 - INFO - utils.config_setter - Exiting the load_config.
