2024-06-09 19:01:25,805 - INFO - utils.config_setter - Starting the load_config...
2024-06-09 19:01:25,809 - INFO - utils.config_setter - Using file ../config/asteroid/new_model.json to setup configuration
2024-06-09 19:01:25,809 - INFO - utils.config_setter - The current run configuration is as follows: 
 {
    "json_load": true,
    "json_file": "../config/asteroid/new_model.json",
    "_comment": "This json file provides parameter configurations.",
    "no_cuda": false,
    "data_parallel": false,
    "seed": 1,
    "root_dir_train": "../data/asteroid_volume_images/1/train/",
    "root_dir_test": "../data/asteroid_volume_images/1/test/",
    "param_file_train": "asteroid_viewparams_train.csv",
    "param_file_test": "asteroid_viewparams_test.csv",
    "root_out_dir": "../outputs/Asteroid/",
    "resume": 0,
    "chkpt": "",
    "dvp": 3,
    "dvpe": 512,
    "ch": 64,
    "sn": 0,
    "use_mse_loss": 1,
    "use_vgg_loss": 1,
    "use_gan_loss": 0,
    "gan_loss_weight": 0.01,
    "vgg_loss_weight": 1.0,
    "mse_loss_weight": 1.0,
    "lr": 0.01,
    "d_lr": 0.01,
    "beta1": 0.9,
    "beta2": 0.999,
    "batch_size": 16,
    "start_epoch": 0,
    "epochs": 200,
    "log_every": 1,
    "check_every": 50,
    "no_active_learning": true,
    "data_gen_script": "",
    "raw_inp_file": "",
    "varname": "",
    "num_new_samples": 0,
    "query_strategy": "",
    "sampling_budget": 0
}
2024-06-09 19:01:25,810 - INFO - utils.config_setter - The changes from ../config/asteroid/new_model.json configuration after CLI  are as follows: 
 []
2024-06-09 19:01:25,810 - INFO - utils.config_setter - Exiting the load_config.
